<?xml version="1.0" encoding="UTF-8" standalone="yes"?><!DOCTYPE report PUBLIC "-//JACOCO//DTD Report 1.1//EN" "report.dtd"><report name="mavenproject2"><sessioninfo id="DESKTOP-UL5O5SB-bd1f8862" start="1763930696429" dump="1763930697233"/><sessioninfo id="DESKTOP-UL5O5SB-575d341" start="1763930859043" dump="1763930859799"/><sessioninfo id="DESKTOP-UL5O5SB-dfe8dbd4" start="1763931098918" dump="1763931099636"/><sessioninfo id="DESKTOP-UL5O5SB-83ab4ae5" start="1763931163760" dump="1763931164545"/><sessioninfo id="DESKTOP-UL5O5SB-7bd18b3f" start="1763931513946" dump="1763931514700"/><sessioninfo id="DESKTOP-UL5O5SB-d4d72b19" start="1763931827534" dump="1763931828393"/><sessioninfo id="DESKTOP-UL5O5SB-a387d162" start="1763932272418" dump="1763932273204"/><sessioninfo id="DESKTOP-UL5O5SB-463ba867" start="1763932447361" dump="1763932448220"/><sessioninfo id="DESKTOP-UL5O5SB-a19387db" start="1763932618628" dump="1763932619531"/><sessioninfo id="DESKTOP-UL5O5SB-6e3b5e2f" start="1763932804694" dump="1763932805645"/><sessioninfo id="DESKTOP-UL5O5SB-5df256d0" start="1763933029786" dump="1763933030801"/><sessioninfo id="DESKTOP-UL5O5SB-c8b86e01" start="1763933036129" dump="1763933036918"/><package name="com/mycompany/mavenproject2"><class name="com/mycompany/mavenproject2/TextProcessor" sourcefilename="TextProcessor.java"><method name="&lt;init&gt;" desc="()V" line="11"><counter type="INSTRUCTION" missed="0" covered="3"/><counter type="LINE" missed="0" covered="1"/><counter type="COMPLEXITY" missed="0" covered="1"/><counter type="METHOD" missed="0" covered="1"/></method><method name="reverseAndCapitalize" desc="(Ljava/lang/String;)Ljava/lang/String;" line="16"><counter type="INSTRUCTION" missed="0" covered="37"/><counter type="BRANCH" missed="0" covered="6"/><counter type="LINE" missed="0" covered="9"/><counter type="COMPLEXITY" missed="0" covered="4"/><counter type="METHOD" missed="0" covered="1"/></method><counter type="INSTRUCTION" missed="0" covered="40"/><counter type="BRANCH" missed="0" covered="6"/><counter type="LINE" missed="0" covered="10"/><counter type="COMPLEXITY" missed="0" covered="5"/><counter type="METHOD" missed="0" covered="2"/><counter type="CLASS" missed="0" covered="1"/></class><class name="com/mycompany/mavenproject2/PasswordValidator" sourcefilename="PasswordValidator.java"><method name="&lt;init&gt;" desc="()V" line="11"><counter type="INSTRUCTION" missed="3" covered="0"/><counter type="LINE" missed="1" covered="0"/><counter type="COMPLEXITY" missed="1" covered="0"/><counter type="METHOD" missed="1" covered="0"/></method><method name="isValid" desc="(Ljava/lang/String;)Z" line="17"><counter type="INSTRUCTION" missed="0" covered="103"/><counter type="BRANCH" missed="1" covered="33"/><counter type="LINE" missed="0" covered="24"/><counter type="COMPLEXITY" missed="1" covered="17"/><counter type="METHOD" missed="0" covered="1"/></method><counter type="INSTRUCTION" missed="3" covered="103"/><counter type="BRANCH" missed="1" covered="33"/><counter type="LINE" missed="1" covered="24"/><counter type="COMPLEXITY" missed="2" covered="17"/><counter type="METHOD" missed="1" covered="1"/><counter type="CLASS" missed="0" covered="1"/></class><class name="com/mycompany/mavenproject2/Email" sourcefilename="Email.java"><method name="&lt;init&gt;" desc="()V" line="11"><counter type="INSTRUCTION" missed="0" covered="3"/><counter type="LINE" missed="0" covered="1"/><counter type="COMPLEXITY" missed="0" covered="1"/><counter type="METHOD" missed="0" covered="1"/></method><method name="isValidEmail" desc="(Ljava/lang/String;)Z" line="15"><counter type="INSTRUCTION" missed="2" covered="158"/><counter type="BRANCH" missed="3" covered="31"/><counter type="LINE" missed="1" covered="30"/><counter type="COMPLEXITY" missed="3" covered="15"/><counter type="METHOD" missed="0" covered="1"/></method><counter type="INSTRUCTION" missed="2" covered="161"/><counter type="BRANCH" missed="3" covered="31"/><counter type="LINE" missed="1" covered="31"/><counter type="COMPLEXITY" missed="3" covered="16"/><counter type="METHOD" missed="0" covered="2"/><counter type="CLASS" missed="0" covered="1"/></class><class name="com/mycompany/mavenproject2/InventoryManager" sourcefilename="InventoryManager.java"><method name="&lt;init&gt;" desc="()V" line="14"><counter type="INSTRUCTION" missed="0" covered="8"/><counter type="LINE" missed="0" covered="2"/><counter type="COMPLEXITY" missed="0" covered="1"/><counter type="METHOD" missed="0" covered="1"/></method><method name="addItem" desc="(Ljava/lang/String;I)V" line="20"><counter type="INSTRUCTION" missed="0" covered="56"/><counter type="BRANCH" missed="2" covered="10"/><counter type="LINE" missed="0" covered="10"/><counter type="COMPLEXITY" missed="2" covered="5"/><counter type="METHOD" missed="0" covered="1"/></method><method name="getStock" desc="(Ljava/lang/String;)I" line="40"><counter type="INSTRUCTION" missed="0" covered="9"/><counter type="LINE" missed="0" covered="1"/><counter type="COMPLEXITY" missed="0" covered="1"/><counter type="METHOD" missed="0" covered="1"/></method><counter type="INSTRUCTION" missed="0" covered="73"/><counter type="BRANCH" missed="2" covered="10"/><counter type="LINE" missed="0" covered="13"/><counter type="COMPLEXITY" missed="2" covered="7"/><counter type="METHOD" missed="0" covered="3"/><counter type="CLASS" missed="0" covered="1"/></class><sourcefile name="Email.java"><line nr="11" mi="0" ci="3" mb="0" cb="0"/><line nr="15" mi="0" ci="6" mb="0" cb="4"/><line nr="16" mi="0" ci="5" mb="0" cb="0"/><line nr="19" mi="0" ci="8" mb="0" cb="4"/><line nr="20" mi="0" ci="2" mb="0" cb="0"/><line nr="23" mi="0" ci="4" mb="0" cb="0"/><line nr="24" mi="0" ci="8" mb="1" cb="3"/><line nr="25" mi="0" ci="2" mb="0" cb="0"/><line nr="28" mi="0" ci="5" mb="0" cb="0"/><line nr="29" mi="0" ci="6" mb="0" cb="0"/><line nr="31" mi="0" ci="15" mb="1" cb="7"/><line nr="32" mi="0" ci="2" mb="0" cb="0"/><line nr="35" mi="0" ci="4" mb="0" cb="2"/><line nr="36" mi="0" ci="2" mb="0" cb="0"/><line nr="39" mi="0" ci="4" mb="0" cb="2"/><line nr="40" mi="0" ci="2" mb="0" cb="0"/><line nr="43" mi="0" ci="4" mb="0" cb="0"/><line nr="44" mi="0" ci="4" mb="1" cb="1"/><line nr="45" mi="2" ci="0" mb="0" cb="0"/><line nr="48" mi="0" ci="4" mb="0" cb="0"/><line nr="49" mi="0" ci="7" mb="0" cb="0"/><line nr="51" mi="0" ci="4" mb="0" cb="2"/><line nr="52" mi="0" ci="2" mb="0" cb="0"/><line nr="55" mi="0" ci="27" mb="0" cb="0"/><line nr="56" mi="0" ci="2" mb="0" cb="0"/><line nr="58" mi="0" ci="16" mb="0" cb="2"/><line nr="59" mi="0" ci="4" mb="0" cb="2"/><line nr="60" mi="0" ci="2" mb="0" cb="0"/><line nr="61" mi="0" ci="1" mb="0" cb="0"/><line nr="65" mi="0" ci="2" mb="0" cb="2"/><line nr="66" mi="0" ci="2" mb="0" cb="0"/><line nr="69" mi="0" ci="2" mb="0" cb="0"/><counter type="INSTRUCTION" missed="2" covered="161"/><counter type="BRANCH" missed="3" covered="31"/><counter type="LINE" missed="1" covered="31"/><counter type="COMPLEXITY" missed="3" covered="16"/><counter type="METHOD" missed="0" covered="2"/><counter type="CLASS" missed="0" covered="1"/></sourcefile><sourcefile name="TextProcessor.java"><line nr="11" mi="0" ci="3" mb="0" cb="0"/><line nr="16" mi="0" ci="2" mb="0" cb="2"/><line nr="17" mi="0" ci="5" mb="0" cb="0"/><line nr="21" mi="0" ci="3" mb="0" cb="0"/><line nr="22" mi="0" ci="3" mb="0" cb="2"/><line nr="23" mi="0" ci="5" mb="0" cb="0"/><line nr="27" mi="0" ci="4" mb="0" cb="2"/><line nr="28" mi="0" ci="5" mb="0" cb="0"/><line nr="33" mi="0" ci="7" mb="0" cb="0"/><line nr="36" mi="0" ci="3" mb="0" cb="0"/><counter type="INSTRUCTION" missed="0" covered="40"/><counter type="BRANCH" missed="0" covered="6"/><counter type="LINE" missed="0" covered="10"/><counter type="COMPLEXITY" missed="0" covered="5"/><counter type="METHOD" missed="0" covered="2"/><counter type="CLASS" missed="0" covered="1"/></sourcefile><sourcefile name="InventoryManager.java"><line nr="14" mi="0" ci="2" mb="0" cb="0"/><line nr="16" mi="0" ci="6" mb="0" cb="0"/><line nr="20" mi="0" ci="6" mb="1" cb="3"/><line nr="21" mi="0" ci="5" mb="0" cb="0"/><line nr="24" mi="0" ci="8" mb="1" cb="3"/><line nr="25" mi="0" ci="5" mb="0" cb="0"/><line nr="28" mi="0" ci="2" mb="0" cb="2"/><line nr="29" mi="0" ci="5" mb="0" cb="0"/><line nr="32" mi="0" ci="3" mb="0" cb="2"/><line nr="33" mi="0" ci="5" mb="0" cb="0"/><line nr="36" mi="0" ci="16" mb="0" cb="0"/><line nr="37" mi="0" ci="1" mb="0" cb="0"/><line nr="40" mi="0" ci="9" mb="0" cb="0"/><counter type="INSTRUCTION" missed="0" covered="73"/><counter type="BRANCH" missed="2" covered="10"/><counter type="LINE" missed="0" covered="13"/><counter type="COMPLEXITY" missed="2" covered="7"/><counter type="METHOD" missed="0" covered="3"/><counter type="CLASS" missed="0" covered="1"/></sourcefile><sourcefile name="PasswordValidator.java"><line nr="11" mi="3" ci="0" mb="0" cb="0"/><line nr="17" mi="0" ci="5" mb="0" cb="4"/><line nr="18" mi="0" ci="5" mb="0" cb="0"/><line nr="21" mi="0" ci="8" mb="0" cb="4"/><line nr="22" mi="0" ci="2" mb="0" cb="0"/><line nr="25" mi="0" ci="4" mb="0" cb="2"/><line nr="26" mi="0" ci="2" mb="0" cb="0"/><line nr="29" mi="0" ci="8" mb="0" cb="4"/><line nr="30" mi="0" ci="2" mb="0" cb="0"/><line nr="33" mi="0" ci="2" mb="0" cb="0"/><line nr="34" mi="0" ci="2" mb="0" cb="0"/><line nr="35" mi="0" ci="2" mb="0" cb="0"/><line nr="36" mi="0" ci="2" mb="0" cb="0"/><line nr="38" mi="0" ci="17" mb="0" cb="2"/><line nr="40" mi="0" ci="3" mb="0" cb="2"/><line nr="41" mi="0" ci="3" mb="0" cb="0"/><line nr="42" mi="0" ci="3" mb="0" cb="2"/><line nr="43" mi="0" ci="3" mb="0" cb="0"/><line nr="44" mi="0" ci="3" mb="0" cb="2"/><line nr="45" mi="0" ci="3" mb="0" cb="0"/><line nr="46" mi="0" ci="5" mb="0" cb="2"/><line nr="47" mi="0" ci="3" mb="0" cb="0"/><line nr="48" mi="0" ci="3" mb="1" cb="1"/><line nr="49" mi="0" ci="1" mb="0" cb="0"/><line nr="53" mi="0" ci="12" mb="0" cb="8"/><counter type="INSTRUCTION" missed="3" covered="103"/><counter type="BRANCH" missed="1" covered="33"/><counter type="LINE" missed="1" covered="24"/><counter type="COMPLEXITY" missed="2" covered="17"/><counter type="METHOD" missed="1" covered="1"/><counter type="CLASS" missed="0" covered="1"/></sourcefile><counter type="INSTRUCTION" missed="5" covered="377"/><counter type="BRANCH" missed="6" covered="80"/><counter type="LINE" missed="2" covered="78"/><counter type="COMPLEXITY" missed="7" covered="45"/><counter type="METHOD" missed="1" covered="8"/><counter type="CLASS" missed="0" covered="4"/></package><counter type="INSTRUCTION" missed="5" covered="377"/><counter type="BRANCH" missed="6" covered="80"/><counter type="LINE" missed="2" covered="78"/><counter type="COMPLEXITY" missed="7" covered="45"/><counter type="METHOD" missed="1" covered="8"/><counter type="CLASS" missed="0" covered="4"/></report>