<?xml version="1.0" encoding="UTF-8"?>
<testsuite xmlns:xsi="http://www.w3.org/2001/XMLSchema-instance" xsi:noNamespaceSchemaLocation="https://maven.apache.org/surefire/maven-surefire-plugin/xsd/surefire-test-report-3.0.xsd" version="3.0" name="com.mycompany.mavenproject2.InventoryManagerTest" time="0.014" tests="7" errors="0" skipped="0" failures="0">
  <properties>
[...]
</properties>
  <testcase name="testCantidadCero" classname="com.mycompany.mavenproject2.InventoryManagerTest" time="0.001"/>
  <testcase name="testAgregarItemCorrectamente" classname="com.mycompany.mavenproject2.InventoryManagerTest" time="0.003"/>
  <testcase name="testNombreVacio" classname="com.mycompany.mavenproject2.InventoryManagerTest" time="0.002"/>
  <testcase name="testNombreMuyCorto" classname="com.mycompany.mavenproject2.InventoryManagerTest" time="0.001"/>
  <testcase name="testNombreSoloEspacios" classname="com.mycompany.mavenproject2.InventoryManagerTest" time="0.001"/>
  <testcase name="testCantidadMayorA1000" classname="com.mycompany.mavenproject2.InventoryManagerTest" time="0.001"/>
  <testcase name="testCantidadNegativa" classname="com.mycompany.mavenproject2.InventoryManagerTest" time="0.001"/>
</testsuite>